#-----------------------------------------------------------
# Vivado v2018.3 (64-bit)
# SW Build 2405991 on Thu Dec  6 23:38:27 MST 2018
# IP Build 2404404 on Fri Dec  7 01:43:56 MST 2018
# Start of session at: Mon Sep  8 10:23:33 2025
# Process ID: 27180
# Current directory: D:/Date/work/Dlilithium/NTT_INTT22_sca/project_vivado
# Command line: vivado.exe -gui_launcher_event rodinguilauncherevent23808 D:\Date\work\Dlilithium\NTT_INTT22_sca\project_vivado\project_vivado.xpr
# Log file: D:/Date/work/Dlilithium/NTT_INTT22_sca/project_vivado/vivado.log
# Journal file: D:/Date/work/Dlilithium/NTT_INTT22_sca/project_vivado\vivado.jou
#-----------------------------------------------------------
start_gui
open_project D:/Date/work/Dlilithium/NTT_INTT22_sca/project_vivado/project_vivado.xpr
Scanning sources...
Finished scanning sources
INFO: [IP_Flow 19-234] Refreshing IP repositories
INFO: [IP_Flow 19-1704] No user IP repositories specified
INFO: [IP_Flow 19-2313] Loaded Vivado IP repository 'E:/app/vivado/Vivado/2018.3/data/ip'.
WARNING: [IP_Flow 19-2162] IP 'dual_port_rom1' is locked:
* Current project part 'xc7a200tsbg484-3' and the part 'xc7vx485tffg1157-1' used to customize the IP 'dual_port_rom1' do not match.
Please select 'Report IP Status' from the 'Tools/Report' menu or run Tcl command 'report_ip_status' for more information.
WARNING: [IP_Flow 19-2162] IP 'BRAM_2' is locked:
* Current project part 'xc7a200tsbg484-3' and the part 'xc7vx485tffg1157-1' used to customize the IP 'BRAM_2' do not match.
Please select 'Report IP Status' from the 'Tools/Report' menu or run Tcl command 'report_ip_status' for more information.
open_project: Time (s): cpu = 00:00:11 ; elapsed = 00:00:05 . Memory (MB): peak = 811.125 ; gain = 172.262
update_compile_order -fileset sources_1
INFO: [Device 21-403] Loading part xc7vx485tffg1157-1
WARNING: [IP_Flow 19-4067] Ignoring invalid widget type specified checkbox.Providing a default widget
WARNING: [IP_Flow 19-4067] Ignoring invalid widget type specified checkbox.Providing a default widget
exit
INFO: [Common 17-206] Exiting Vivado at Mon Sep  8 10:24:52 2025...
